# JRE version: OpenJDK Runtime Environment (8.0_152-b06) (build 1.8.0_152-release-1136-b06)
# Java VM: OpenJDK 64-Bit Server VM (25.152-b06 mixed mode windows-amd64 compressed oops)
Heap:
 PSYoungGen      total 21504K, used 17724K [0x00000000e0000000, 0x00000000e2a00000, 0x0000000100000000)
  eden space 15872K, 84% used [0x00000000e0000000,0x00000000e0d2c578,0x00000000e0f80000)
  from space 5632K, 75% used [0x00000000e0f80000,0x00000000e13a2d70,0x00000000e1500000)
  to   space 5632K, 0% used [0x00000000e2480000,0x00000000e2480000,0x00000000e2a00000)
 ParOldGen       total 44032K, used 5367K [0x00000000a0000000, 0x00000000a2b00000, 0x00000000e0000000)
  object space 44032K, 12% used [0x00000000a0000000,0x00000000a053dda8,0x00000000a2b00000)
 Metaspace       used 16751K, capacity 17052K, committed 17152K, reserved 1064960K
  class space    used 2408K, capacity 2540K, committed 2560K, reserved 1048576K
GC Heap History (10 events):
Event: 8.968 GC heap before
{Heap before GC invocations=3 (full 0):
 PSYoungGen      total 18944K, used 18940K [0x00000000e0000000, 0x00000000e1500000, 0x0000000100000000)
  eden space 16384K, 100% used [0x00000000e0000000,0x00000000e1000000,0x00000000e1000000)
  from space 2560K, 99% used [0x00000000e1280000,0x00000000e14ff000,0x00000000e1500000)
  to   space 2560K, 0% used [0x00000000e1000000,0x00000000e1000000,0x00000000e1280000)
 ParOldGen       total 44032K, used 355K [0x00000000a0000000, 0x00000000a2b00000, 0x00000000e0000000)
  object space 44032K, 0% used [0x00000000a0000000,0x00000000a0058ea8,0x00000000a2b00000)
 Metaspace       used 6859K, capacity 7016K, committed 7168K, reserved 1056768K
  class space    used 847K, capacity 916K, committed 1024K, reserved 1048576K
Event: 8.979 GC heap after
Heap after GC invocations=3 (full 0):
 PSYoungGen      total 18944K, used 2544K [0x00000000e0000000, 0x00000000e1500000, 0x0000000100000000)
  eden space 16384K, 0% used [0x00000000e0000000,0x00000000e0000000,0x00000000e1000000)
  from space 2560K, 99% used [0x00000000e1000000,0x00000000e127c010,0x00000000e1280000)
  to   space 2560K, 0% used [0x00000000e1280000,0x00000000e1280000,0x00000000e1500000)
 ParOldGen       total 44032K, used 535K [0x00000000a0000000, 0x00000000a2b00000, 0x00000000e0000000)
  object space 44032K, 1% used [0x00000000a0000000,0x00000000a0085de0,0x00000000a2b00000)
 Metaspace       used 6859K, capacity 7016K, committed 7168K, reserved 1056768K
  class space    used 847K, capacity 916K, committed 1024K, reserved 1048576K
}
Event: 15.396 GC heap before
{Heap before GC invocations=4 (full 0):
 PSYoungGen      total 18944K, used 18928K [0x00000000e0000000, 0x00000000e1500000, 0x0000000100000000)
  eden space 16384K, 100% used [0x00000000e0000000,0x00000000e1000000,0x00000000e1000000)
  from space 2560K, 99% used [0x00000000e1000000,0x00000000e127c010,0x00000000e1280000)
  to   space 2560K, 0% used [0x00000000e1280000,0x00000000e1280000,0x00000000e1500000)
 ParOldGen       total 44032K, used 535K [0x00000000a0000000, 0x00000000a2b00000, 0x00000000e0000000)
  object space 44032K, 1% used [0x00000000a0000000,0x00000000a0085de0,0x00000000a2b00000)
 Metaspace       used 10380K, capacity 10568K, committed 10752K, reserved 1058816K
  class space    used 1356K, capacity 1454K, committed 1536K, reserved 1048576K
Event: 15.413 GC heap after
Heap after GC invocations=4 (full 0):
 PSYoungGen      total 18944K, used 2544K [0x00000000e0000000, 0x00000000e1500000, 0x0000000100000000)
  eden space 16384K, 0% used [0x00000000e0000000,0x00000000e0000000,0x00000000e1000000)
  from space 2560K, 99% used [0x00000000e1280000,0x00000000e14fc010,0x00000000e1500000)
  to   space 2560K, 0% used [0x00000000e1000000,0x00000000e1000000,0x00000000e1280000)
 ParOldGen       total 44032K, used 2343K [0x00000000a0000000, 0x00000000a2b00000, 0x00000000e0000000)
  object space 44032K, 5% used [0x00000000a0000000,0x00000000a0249cd8,0x00000000a2b00000)
 Metaspace       used 10380K, capacity 10568K, committed 10752K, reserved 1058816K
  class space    used 1356K, capacity 1454K, committed 1536K, reserved 1048576K
}
Event: 17.403 GC heap before
{Heap before GC invocations=5 (full 0):
 PSYoungGen      total 18944K, used 18928K [0x00000000e0000000, 0x00000000e1500000, 0x0000000100000000)
  eden space 16384K, 100% used [0x00000000e0000000,0x00000000e1000000,0x00000000e1000000)
  from space 2560K, 99% used [0x00000000e1280000,0x00000000e14fc010,0x00000000e1500000)
  to   space 2560K, 0% used [0x00000000e1000000,0x00000000e1000000,0x00000000e1280000)
 ParOldGen       total 44032K, used 2343K [0x00000000a0000000, 0x00000000a2b00000, 0x00000000e0000000)
  object space 44032K, 5% used [0x00000000a0000000,0x00000000a0249cd8,0x00000000a2b00000)
 Metaspace       used 12647K, capacity 13048K, committed 13184K, reserved 1060864K
  class space    used 1712K, capacity 1866K, committed 1920K, reserved 1048576K
Event: 17.433 GC heap after
Heap after GC invocations=5 (full 0):
 PSYoungGen      total 18944K, used 2528K [0x00000000e0000000, 0x00000000e1a00000, 0x0000000100000000)
  eden space 16384K, 0% used [0x00000000e0000000,0x00000000e0000000,0x00000000e1000000)
  from space 2560K, 98% used [0x00000000e1000000,0x00000000e1278040,0x00000000e1280000)
  to   space 5120K, 0% used [0x00000000e1500000,0x00000000e1500000,0x00000000e1a00000)
 ParOldGen       total 44032K, used 4399K [0x00000000a0000000, 0x00000000a2b00000, 0x00000000e0000000)
  object space 44032K, 9% used [0x00000000a0000000,0x00000000a044bd58,0x00000000a2b00000)
 Metaspace       used 12647K, capacity 13048K, committed 13184K, reserved 1060864K
  class space    used 1712K, capacity 1866K, committed 1920K, reserved 1048576K
}
Event: 17.974 GC heap before
{Heap before GC invocations=6 (full 0):
 PSYoungGen      total 18944K, used 18912K [0x00000000e0000000, 0x00000000e1a00000, 0x0000000100000000)
  eden space 16384K, 100% used [0x00000000e0000000,0x00000000e1000000,0x00000000e1000000)
  from space 2560K, 98% used [0x00000000e1000000,0x00000000e1278040,0x00000000e1280000)
  to   space 5120K, 0% used [0x00000000e1500000,0x00000000e1500000,0x00000000e1a00000)
 ParOldGen       total 44032K, used 4399K [0x00000000a0000000, 0x00000000a2b00000, 0x00000000e0000000)
  object space 44032K, 9% used [0x00000000a0000000,0x00000000a044bd58,0x00000000a2b00000)
 Metaspace       used 13952K, capacity 14300K, committed 14464K, reserved 1060864K
  class space    used 1944K, capacity 2092K, committed 2176K, reserved 1048576K
Event: 17.993 GC heap after
Heap after GC invocations=6 (full 0):
 PSYoungGen      total 20992K, used 4409K [0x00000000e0000000, 0x00000000e2b00000, 0x0000000100000000)
  eden space 15872K, 0% used [0x00000000e0000000,0x00000000e0000000,0x00000000e0f80000)
  from space 5120K, 86% used [0x00000000e1500000,0x00000000e194e688,0x00000000e1a00000)
  to   space 5632K, 0% used [0x00000000e0f80000,0x00000000e0f80000,0x00000000e1500000)
 ParOldGen       total 44032K, used 4407K [0x00000000a0000000, 0x00000000a2b00000, 0x00000000e0000000)
  object space 44032K, 10% used [0x00000000a0000000,0x00000000a044dd58,0x00000000a2b00000)
 Metaspace       used 13952K, capacity 14300K, committed 14464K, reserved 1060864K
  class space    used 1944K, capacity 2092K, committed 2176K, reserved 1048576K
}
Event: 19.178 GC heap before
{Heap before GC invocations=7 (full 0):
 PSYoungGen      total 20992K, used 20281K [0x00000000e0000000, 0x00000000e2b00000, 0x0000000100000000)
  eden space 15872K, 100% used [0x00000000e0000000,0x00000000e0f80000,0x00000000e0f80000)
  from space 5120K, 86% used [0x00000000e1500000,0x00000000e194e688,0x00000000e1a00000)
  to   space 5632K, 0% used [0x00000000e0f80000,0x00000000e0f80000,0x00000000e1500000)
 ParOldGen       total 44032K, used 4407K [0x00000000a0000000, 0x00000000a2b00000, 0x00000000e0000000)
  object space 44032K, 10% used [0x00000000a0000000,0x00000000a044dd58,0x00000000a2b00000)
 Metaspace       used 15648K, capacity 15964K, committed 16256K, reserved 1062912K
  class space    used 2216K, capacity 2348K, committed 2432K, reserved 1048576K
Event: 19.207 GC heap after
Heap after GC invocations=7 (full 0):
 PSYoungGen      total 21504K, used 4235K [0x00000000e0000000, 0x00000000e2a00000, 0x0000000100000000)
  eden space 15872K, 0% used [0x00000000e0000000,0x00000000e0000000,0x00000000e0f80000)
  from space 5632K, 75% used [0x00000000e0f80000,0x00000000e13a2d70,0x00000000e1500000)
  to   space 5632K, 0% used [0x00000000e2480000,0x00000000e2480000,0x00000000e2a00000)
 ParOldGen       total 44032K, used 5367K [0x00000000a0000000, 0x00000000a2b00000, 0x00000000e0000000)
  object space 44032K, 12% used [0x00000000a0000000,0x00000000a053dda8,0x00000000a2b00000)
 Metaspace       used 15648K, capacity 15964K, committed 16256K, reserved 1062912K
  class space    used 2216K, capacity 2348K, committed 2432K, reserved 1048576K
}

