# JRE version: OpenJDK Runtime Environment (8.0_152-b06) (build 1.8.0_152-release-1136-b06)
# Java VM: OpenJDK 64-Bit Server VM (25.152-b06 mixed mode windows-amd64 compressed oops)
Heap:
 PSYoungGen      total 85504K, used 22175K [0x00000000e0000000, 0x00000000e6f80000, 0x0000000100000000)
  eden space 78848K, 20% used [0x00000000e0000000,0x00000000e0fe20a8,0x00000000e4d00000)
  from space 6656K, 88% used [0x00000000e4d00000,0x00000000e52c5bd8,0x00000000e5380000)
  to   space 7168K, 0% used [0x00000000e6880000,0x00000000e6880000,0x00000000e6f80000)
 ParOldGen       total 30208K, used 8983K [0x00000000a0000000, 0x00000000a1d80000, 0x00000000e0000000)
  object space 30208K, 29% used [0x00000000a0000000,0x00000000a08c5f60,0x00000000a1d80000)
 Metaspace       used 30420K, capacity 30922K, committed 31104K, reserved 1075200K
  class space    used 4272K, capacity 4452K, committed 4480K, reserved 1048576K
GC Heap History (10 events):
Event: 31.095 GC heap before
{Heap before GC invocations=8 (full 0):
 PSYoungGen      total 30720K, used 30289K [0x00000000e0000000, 0x00000000e3d00000, 0x0000000100000000)
  eden space 25088K, 100% used [0x00000000e0000000,0x00000000e1880000,0x00000000e1880000)
  from space 5632K, 92% used [0x00000000e1880000,0x00000000e1d94748,0x00000000e1e00000)
  to   space 6144K, 0% used [0x00000000e3700000,0x00000000e3700000,0x00000000e3d00000)
 ParOldGen       total 44032K, used 5224K [0x00000000a0000000, 0x00000000a2b00000, 0x00000000e0000000)
  object space 44032K, 11% used [0x00000000a0000000,0x00000000a051a378,0x00000000a2b00000)
 Metaspace       used 19358K, capacity 19804K, committed 20096K, reserved 1067008K
  class space    used 2725K, capacity 2848K, committed 2944K, reserved 1048576K
Event: 31.126 GC heap after
Heap after GC invocations=8 (full 0):
 PSYoungGen      total 55808K, used 5421K [0x00000000e0000000, 0x00000000e3e00000, 0x0000000100000000)
  eden space 49664K, 0% used [0x00000000e0000000,0x00000000e0000000,0x00000000e3080000)
  from space 6144K, 88% used [0x00000000e3700000,0x00000000e3c4b440,0x00000000e3d00000)
  to   space 6656K, 0% used [0x00000000e3080000,0x00000000e3080000,0x00000000e3700000)
 ParOldGen       total 44032K, used 6152K [0x00000000a0000000, 0x00000000a2b00000, 0x00000000e0000000)
  object space 44032K, 13% used [0x00000000a0000000,0x00000000a06023d8,0x00000000a2b00000)
 Metaspace       used 19358K, capacity 19804K, committed 20096K, reserved 1067008K
  class space    used 2725K, capacity 2848K, committed 2944K, reserved 1048576K
}
Event: 31.776 GC heap before
{Heap before GC invocations=9 (full 0):
 PSYoungGen      total 55808K, used 7929K [0x00000000e0000000, 0x00000000e3e00000, 0x0000000100000000)
  eden space 49664K, 5% used [0x00000000e0000000,0x00000000e0273258,0x00000000e3080000)
  from space 6144K, 88% used [0x00000000e3700000,0x00000000e3c4b440,0x00000000e3d00000)
  to   space 6656K, 0% used [0x00000000e3080000,0x00000000e3080000,0x00000000e3700000)
 ParOldGen       total 44032K, used 6152K [0x00000000a0000000, 0x00000000a2b00000, 0x00000000e0000000)
  object space 44032K, 13% used [0x00000000a0000000,0x00000000a06023d8,0x00000000a2b00000)
 Metaspace       used 20807K, capacity 21244K, committed 21248K, reserved 1067008K
  class space    used 2915K, capacity 3072K, committed 3072K, reserved 1048576K
Event: 31.794 GC heap after
Heap after GC invocations=9 (full 0):
 PSYoungGen      total 56320K, used 3060K [0x00000000e0000000, 0x00000000e5b00000, 0x0000000100000000)
  eden space 49664K, 0% used [0x00000000e0000000,0x00000000e0000000,0x00000000e3080000)
  from space 6656K, 45% used [0x00000000e3080000,0x00000000e337d040,0x00000000e3700000)
  to   space 6656K, 0% used [0x00000000e5480000,0x00000000e5480000,0x00000000e5b00000)
 ParOldGen       total 44032K, used 7113K [0x00000000a0000000, 0x00000000a2b00000, 0x00000000e0000000)
  object space 44032K, 16% used [0x00000000a0000000,0x00000000a06f2450,0x00000000a2b00000)
 Metaspace       used 20807K, capacity 21244K, committed 21248K, reserved 1067008K
  class space    used 2915K, capacity 3072K, committed 3072K, reserved 1048576K
}
Event: 31.794 GC heap before
{Heap before GC invocations=10 (full 1):
 PSYoungGen      total 56320K, used 3060K [0x00000000e0000000, 0x00000000e5b00000, 0x0000000100000000)
  eden space 49664K, 0% used [0x00000000e0000000,0x00000000e0000000,0x00000000e3080000)
  from space 6656K, 45% used [0x00000000e3080000,0x00000000e337d040,0x00000000e3700000)
  to   space 6656K, 0% used [0x00000000e5480000,0x00000000e5480000,0x00000000e5b00000)
 ParOldGen       total 44032K, used 7113K [0x00000000a0000000, 0x00000000a2b00000, 0x00000000e0000000)
  object space 44032K, 16% used [0x00000000a0000000,0x00000000a06f2450,0x00000000a2b00000)
 Metaspace       used 20807K, capacity 21244K, committed 21248K, reserved 1067008K
  class space    used 2915K, capacity 3072K, committed 3072K, reserved 1048576K
Event: 31.992 GC heap after
Heap after GC invocations=10 (full 1):
 PSYoungGen      total 56320K, used 0K [0x00000000e0000000, 0x00000000e5b00000, 0x0000000100000000)
  eden space 49664K, 0% used [0x00000000e0000000,0x00000000e0000000,0x00000000e3080000)
  from space 6656K, 0% used [0x00000000e3080000,0x00000000e3080000,0x00000000e3700000)
  to   space 6656K, 0% used [0x00000000e5480000,0x00000000e5480000,0x00000000e5b00000)
 ParOldGen       total 30208K, used 6947K [0x00000000a0000000, 0x00000000a1d80000, 0x00000000e0000000)
  object space 30208K, 22% used [0x00000000a0000000,0x00000000a06c8ed0,0x00000000a1d80000)
 Metaspace       used 20807K, capacity 21244K, committed 21248K, reserved 1067008K
  class space    used 2915K, capacity 3072K, committed 3072K, reserved 1048576K
}
Event: 34.852 GC heap before
{Heap before GC invocations=11 (full 1):
 PSYoungGen      total 56320K, used 49664K [0x00000000e0000000, 0x00000000e5b00000, 0x0000000100000000)
  eden space 49664K, 100% used [0x00000000e0000000,0x00000000e3080000,0x00000000e3080000)
  from space 6656K, 0% used [0x00000000e3080000,0x00000000e3080000,0x00000000e3700000)
  to   space 6656K, 0% used [0x00000000e5480000,0x00000000e5480000,0x00000000e5b00000)
 ParOldGen       total 30208K, used 6947K [0x00000000a0000000, 0x00000000a1d80000, 0x00000000e0000000)
  object space 30208K, 22% used [0x00000000a0000000,0x00000000a06c8ed0,0x00000000a1d80000)
 Metaspace       used 25773K, capacity 26162K, committed 26240K, reserved 1071104K
  class space    used 3504K, capacity 3658K, committed 3712K, reserved 1048576K
Event: 34.868 GC heap after
Heap after GC invocations=11 (full 1):
 PSYoungGen      total 76800K, used 5485K [0x00000000e0000000, 0x00000000e5a00000, 0x0000000100000000)
  eden space 71168K, 0% used [0x00000000e0000000,0x00000000e0000000,0x00000000e4580000)
  from space 5632K, 97% used [0x00000000e5480000,0x00000000e59db568,0x00000000e5a00000)
  to   space 6656K, 0% used [0x00000000e4d00000,0x00000000e4d00000,0x00000000e5380000)
 ParOldGen       total 30208K, used 6955K [0x00000000a0000000, 0x00000000a1d80000, 0x00000000e0000000)
  object space 30208K, 23% used [0x00000000a0000000,0x00000000a06caed0,0x00000000a1d80000)
 Metaspace       used 25773K, capacity 26162K, committed 26240K, reserved 1071104K
  class space    used 3504K, capacity 3658K, committed 3712K, reserved 1048576K
}
Event: 51.255 GC heap before
{Heap before GC invocations=12 (full 1):
 PSYoungGen      total 76800K, used 76653K [0x00000000e0000000, 0x00000000e5a00000, 0x0000000100000000)
  eden space 71168K, 100% used [0x00000000e0000000,0x00000000e4580000,0x00000000e4580000)
  from space 5632K, 97% used [0x00000000e5480000,0x00000000e59db568,0x00000000e5a00000)
  to   space 6656K, 0% used [0x00000000e4d00000,0x00000000e4d00000,0x00000000e5380000)
 ParOldGen       total 30208K, used 6955K [0x00000000a0000000, 0x00000000a1d80000, 0x00000000e0000000)
  object space 30208K, 23% used [0x00000000a0000000,0x00000000a06caed0,0x00000000a1d80000)
 Metaspace       used 29614K, capacity 30076K, committed 30208K, reserved 1075200K
  class space    used 4141K, capacity 4343K, committed 4352K, reserved 1048576K
Event: 51.323 GC heap after
Heap after GC invocations=12 (full 1):
 PSYoungGen      total 85504K, used 5910K [0x00000000e0000000, 0x00000000e6f80000, 0x0000000100000000)
  eden space 78848K, 0% used [0x00000000e0000000,0x00000000e0000000,0x00000000e4d00000)
  from space 6656K, 88% used [0x00000000e4d00000,0x00000000e52c5bd8,0x00000000e5380000)
  to   space 7168K, 0% used [0x00000000e6880000,0x00000000e6880000,0x00000000e6f80000)
 ParOldGen       total 30208K, used 8983K [0x00000000a0000000, 0x00000000a1d80000, 0x00000000e0000000)
  object space 30208K, 29% used [0x00000000a0000000,0x00000000a08c5f60,0x00000000a1d80000)
 Metaspace       used 29614K, capacity 30076K, committed 30208K, reserved 1075200K
  class space    used 4141K, capacity 4343K, committed 4352K, reserved 1048576K
}

