# JRE version: OpenJDK Runtime Environment (8.0_152-b06) (build 1.8.0_152-release-1136-b06)
# Java VM: OpenJDK 64-Bit Server VM (25.152-b06 mixed mode windows-amd64 compressed oops)
Heap:
 PSYoungGen      total 90624K, used 77171K [0x00000000f5580000, 0x00000000fba00000, 0x0000000100000000)
  eden space 79872K, 86% used [0x00000000f5580000,0x00000000f98ff9e0,0x00000000fa380000)
  from space 10752K, 74% used [0x00000000fa380000,0x00000000fab5d3e0,0x00000000fae00000)
  to   space 9728K, 0% used [0x00000000fae00000,0x00000000fae00000,0x00000000fb780000)
 ParOldGen       total 61952K, used 17974K [0x00000000e0000000, 0x00000000e3c80000, 0x00000000f5580000)
  object space 61952K, 29% used [0x00000000e0000000,0x00000000e118daf8,0x00000000e3c80000)
 Metaspace       used 44996K, capacity 45998K, committed 46296K, reserved 1089536K
  class space    used 6167K, capacity 6495K, committed 6616K, reserved 1048576K
GC Heap History (10 events):
Event: 4.959 GC heap before
{Heap before GC invocations=9 (full 1):
 PSYoungGen      total 71680K, used 64000K [0x00000000f5580000, 0x00000000fa480000, 0x0000000100000000)
  eden space 64000K, 100% used [0x00000000f5580000,0x00000000f9400000,0x00000000f9400000)
  from space 7680K, 0% used [0x00000000f9400000,0x00000000f9400000,0x00000000f9b80000)
  to   space 6144K, 0% used [0x00000000f9b80000,0x00000000f9b80000,0x00000000fa180000)
 ParOldGen       total 38912K, used 10976K [0x00000000e0000000, 0x00000000e2600000, 0x00000000f5580000)
  object space 38912K, 28% used [0x00000000e0000000,0x00000000e0ab83e0,0x00000000e2600000)
 Metaspace       used 25883K, capacity 26348K, committed 26624K, reserved 1073152K
  class space    used 3623K, capacity 3789K, committed 3840K, reserved 1048576K
Event: 4.968 GC heap after
Heap after GC invocations=9 (full 1):
 PSYoungGen      total 69632K, used 6135K [0x00000000f5580000, 0x00000000fc100000, 0x0000000100000000)
  eden space 63488K, 0% used [0x00000000f5580000,0x00000000f5580000,0x00000000f9380000)
  from space 6144K, 99% used [0x00000000f9b80000,0x00000000fa17dc60,0x00000000fa180000)
  to   space 8192K, 0% used [0x00000000f9380000,0x00000000f9380000,0x00000000f9b80000)
 ParOldGen       total 38912K, used 11101K [0x00000000e0000000, 0x00000000e2600000, 0x00000000f5580000)
  object space 38912K, 28% used [0x00000000e0000000,0x00000000e0ad76c8,0x00000000e2600000)
 Metaspace       used 25883K, capacity 26348K, committed 26624K, reserved 1073152K
  class space    used 3623K, capacity 3789K, committed 3840K, reserved 1048576K
}
Event: 6.156 GC heap before
{Heap before GC invocations=10 (full 1):
 PSYoungGen      total 69632K, used 69623K [0x00000000f5580000, 0x00000000fc100000, 0x0000000100000000)
  eden space 63488K, 100% used [0x00000000f5580000,0x00000000f9380000,0x00000000f9380000)
  from space 6144K, 99% used [0x00000000f9b80000,0x00000000fa17dc60,0x00000000fa180000)
  to   space 8192K, 0% used [0x00000000f9380000,0x00000000f9380000,0x00000000f9b80000)
 ParOldGen       total 38912K, used 11101K [0x00000000e0000000, 0x00000000e2600000, 0x00000000f5580000)
  object space 38912K, 28% used [0x00000000e0000000,0x00000000e0ad76c8,0x00000000e2600000)
 Metaspace       used 29802K, capacity 30314K, committed 30592K, reserved 1075200K
  class space    used 4193K, capacity 4383K, committed 4480K, reserved 1048576K
Event: 6.170 GC heap after
Heap after GC invocations=10 (full 1):
 PSYoungGen      total 71680K, used 8167K [0x00000000f5580000, 0x00000000fb780000, 0x0000000100000000)
  eden space 63488K, 0% used [0x00000000f5580000,0x00000000f5580000,0x00000000f9380000)
  from space 8192K, 99% used [0x00000000f9380000,0x00000000f9b79d98,0x00000000f9b80000)
  to   space 9728K, 0% used [0x00000000fae00000,0x00000000fae00000,0x00000000fb780000)
 ParOldGen       total 38912K, used 12049K [0x00000000e0000000, 0x00000000e2600000, 0x00000000f5580000)
  object space 38912K, 30% used [0x00000000e0000000,0x00000000e0bc4458,0x00000000e2600000)
 Metaspace       used 29802K, capacity 30314K, committed 30592K, reserved 1075200K
  class space    used 4193K, capacity 4383K, committed 4480K, reserved 1048576K
}
Event: 7.586 GC heap before
{Heap before GC invocations=11 (full 1):
 PSYoungGen      total 71680K, used 56968K [0x00000000f5580000, 0x00000000fb780000, 0x0000000100000000)
  eden space 63488K, 76% used [0x00000000f5580000,0x00000000f8528340,0x00000000f9380000)
  from space 8192K, 99% used [0x00000000f9380000,0x00000000f9b79d98,0x00000000f9b80000)
  to   space 9728K, 0% used [0x00000000fae00000,0x00000000fae00000,0x00000000fb780000)
 ParOldGen       total 38912K, used 12049K [0x00000000e0000000, 0x00000000e2600000, 0x00000000f5580000)
  object space 38912K, 30% used [0x00000000e0000000,0x00000000e0bc4458,0x00000000e2600000)
 Metaspace       used 34649K, capacity 35286K, committed 35416K, reserved 1079296K
  class space    used 4864K, capacity 5148K, committed 5208K, reserved 1048576K
Event: 7.611 GC heap after
Heap after GC invocations=11 (full 1):
 PSYoungGen      total 89600K, used 9241K [0x00000000f5580000, 0x00000000fba00000, 0x0000000100000000)
  eden space 79872K, 0% used [0x00000000f5580000,0x00000000f5580000,0x00000000fa380000)
  from space 9728K, 95% used [0x00000000fae00000,0x00000000fb706780,0x00000000fb780000)
  to   space 10752K, 0% used [0x00000000fa380000,0x00000000fa380000,0x00000000fae00000)
 ParOldGen       total 38912K, used 14424K [0x00000000e0000000, 0x00000000e2600000, 0x00000000f5580000)
  object space 38912K, 37% used [0x00000000e0000000,0x00000000e0e163a8,0x00000000e2600000)
 Metaspace       used 34649K, capacity 35286K, committed 35416K, reserved 1079296K
  class space    used 4864K, capacity 5148K, committed 5208K, reserved 1048576K
}
Event: 7.611 GC heap before
{Heap before GC invocations=12 (full 2):
 PSYoungGen      total 89600K, used 9241K [0x00000000f5580000, 0x00000000fba00000, 0x0000000100000000)
  eden space 79872K, 0% used [0x00000000f5580000,0x00000000f5580000,0x00000000fa380000)
  from space 9728K, 95% used [0x00000000fae00000,0x00000000fb706780,0x00000000fb780000)
  to   space 10752K, 0% used [0x00000000fa380000,0x00000000fa380000,0x00000000fae00000)
 ParOldGen       total 38912K, used 14424K [0x00000000e0000000, 0x00000000e2600000, 0x00000000f5580000)
  object space 38912K, 37% used [0x00000000e0000000,0x00000000e0e163a8,0x00000000e2600000)
 Metaspace       used 34649K, capacity 35286K, committed 35416K, reserved 1079296K
  class space    used 4864K, capacity 5148K, committed 5208K, reserved 1048576K
Event: 7.744 GC heap after
Heap after GC invocations=12 (full 2):
 PSYoungGen      total 89600K, used 0K [0x00000000f5580000, 0x00000000fba00000, 0x0000000100000000)
  eden space 79872K, 0% used [0x00000000f5580000,0x00000000f5580000,0x00000000fa380000)
  from space 9728K, 0% used [0x00000000fae00000,0x00000000fae00000,0x00000000fb780000)
  to   space 10752K, 0% used [0x00000000fa380000,0x00000000fa380000,0x00000000fae00000)
 ParOldGen       total 61952K, used 17966K [0x00000000e0000000, 0x00000000e3c80000, 0x00000000f5580000)
  object space 61952K, 29% used [0x00000000e0000000,0x00000000e118baf8,0x00000000e3c80000)
 Metaspace       used 34649K, capacity 35286K, committed 35416K, reserved 1079296K
  class space    used 4864K, capacity 5148K, committed 5208K, reserved 1048576K
}
Event: 8.878 GC heap before
{Heap before GC invocations=13 (full 2):
 PSYoungGen      total 89600K, used 79872K [0x00000000f5580000, 0x00000000fba00000, 0x0000000100000000)
  eden space 79872K, 100% used [0x00000000f5580000,0x00000000fa380000,0x00000000fa380000)
  from space 9728K, 0% used [0x00000000fae00000,0x00000000fae00000,0x00000000fb780000)
  to   space 10752K, 0% used [0x00000000fa380000,0x00000000fa380000,0x00000000fae00000)
 ParOldGen       total 61952K, used 17966K [0x00000000e0000000, 0x00000000e3c80000, 0x00000000f5580000)
  object space 61952K, 29% used [0x00000000e0000000,0x00000000e118baf8,0x00000000e3c80000)
 Metaspace       used 39794K, capacity 40536K, committed 40920K, reserved 1085440K
  class space    used 5450K, capacity 5721K, committed 5848K, reserved 1048576K
Event: 8.896 GC heap after
Heap after GC invocations=13 (full 2):
 PSYoungGen      total 90624K, used 8052K [0x00000000f5580000, 0x00000000fba00000, 0x0000000100000000)
  eden space 79872K, 0% used [0x00000000f5580000,0x00000000f5580000,0x00000000fa380000)
  from space 10752K, 74% used [0x00000000fa380000,0x00000000fab5d3e0,0x00000000fae00000)
  to   space 9728K, 0% used [0x00000000fae00000,0x00000000fae00000,0x00000000fb780000)
 ParOldGen       total 61952K, used 17974K [0x00000000e0000000, 0x00000000e3c80000, 0x00000000f5580000)
  object space 61952K, 29% used [0x00000000e0000000,0x00000000e118daf8,0x00000000e3c80000)
 Metaspace       used 39794K, capacity 40536K, committed 40920K, reserved 1085440K
  class space    used 5450K, capacity 5721K, committed 5848K, reserved 1048576K
}

