# JRE version: OpenJDK Runtime Environment (8.0_152-b06) (build 1.8.0_152-release-1136-b06)
# Java VM: OpenJDK 64-Bit Server VM (25.152-b06 mixed mode windows-amd64 compressed oops)
Heap:
 PSYoungGen      total 90112K, used 60813K [0x00000000eab00000, 0x00000000f0f80000, 0x0000000100000000)
  eden space 79360K, 66% used [0x00000000eab00000,0x00000000ede68240,0x00000000ef880000)
  from space 10752K, 76% used [0x00000000ef880000,0x00000000f007b478,0x00000000f0300000)
  to   space 9728K, 0% used [0x00000000f0300000,0x00000000f0300000,0x00000000f0c80000)
 ParOldGen       total 36864K, used 17963K [0x00000000c0000000, 0x00000000c2400000, 0x00000000eab00000)
  object space 36864K, 48% used [0x00000000c0000000,0x00000000c118ac58,0x00000000c2400000)
 Metaspace       used 43617K, capacity 44608K, committed 45016K, reserved 1087488K
  class space    used 5936K, capacity 6258K, committed 6360K, reserved 1048576K
GC Heap History (10 events):
Event: 5.107 GC heap before
{Heap before GC invocations=9 (full 1):
 PSYoungGen      total 71680K, used 64000K [0x00000000eab00000, 0x00000000efa00000, 0x0000000100000000)
  eden space 64000K, 100% used [0x00000000eab00000,0x00000000ee980000,0x00000000ee980000)
  from space 7680K, 0% used [0x00000000ee980000,0x00000000ee980000,0x00000000ef100000)
  to   space 6144K, 0% used [0x00000000ef100000,0x00000000ef100000,0x00000000ef700000)
 ParOldGen       total 36864K, used 8446K [0x00000000c0000000, 0x00000000c2400000, 0x00000000eab00000)
  object space 36864K, 22% used [0x00000000c0000000,0x00000000c083fba8,0x00000000c2400000)
 Metaspace       used 25901K, capacity 26348K, committed 26624K, reserved 1073152K
  class space    used 3627K, capacity 3789K, committed 3840K, reserved 1048576K
Event: 5.117 GC heap after
Heap after GC invocations=9 (full 1):
 PSYoungGen      total 69632K, used 6119K [0x00000000eab00000, 0x00000000f1580000, 0x0000000100000000)
  eden space 63488K, 0% used [0x00000000eab00000,0x00000000eab00000,0x00000000ee900000)
  from space 6144K, 99% used [0x00000000ef100000,0x00000000ef6f9d10,0x00000000ef700000)
  to   space 8192K, 0% used [0x00000000ee900000,0x00000000ee900000,0x00000000ef100000)
 ParOldGen       total 36864K, used 8571K [0x00000000c0000000, 0x00000000c2400000, 0x00000000eab00000)
  object space 36864K, 23% used [0x00000000c0000000,0x00000000c085ee90,0x00000000c2400000)
 Metaspace       used 25901K, capacity 26348K, committed 26624K, reserved 1073152K
  class space    used 3627K, capacity 3789K, committed 3840K, reserved 1048576K
}
Event: 6.277 GC heap before
{Heap before GC invocations=10 (full 1):
 PSYoungGen      total 69632K, used 69607K [0x00000000eab00000, 0x00000000f1580000, 0x0000000100000000)
  eden space 63488K, 100% used [0x00000000eab00000,0x00000000ee900000,0x00000000ee900000)
  from space 6144K, 99% used [0x00000000ef100000,0x00000000ef6f9d10,0x00000000ef700000)
  to   space 8192K, 0% used [0x00000000ee900000,0x00000000ee900000,0x00000000ef100000)
 ParOldGen       total 36864K, used 8571K [0x00000000c0000000, 0x00000000c2400000, 0x00000000eab00000)
  object space 36864K, 23% used [0x00000000c0000000,0x00000000c085ee90,0x00000000c2400000)
 Metaspace       used 29826K, capacity 30442K, committed 30592K, reserved 1075200K
  class space    used 4197K, capacity 4383K, committed 4480K, reserved 1048576K
Event: 6.292 GC heap after
Heap after GC invocations=10 (full 1):
 PSYoungGen      total 71680K, used 8163K [0x00000000eab00000, 0x00000000f0c80000, 0x0000000100000000)
  eden space 63488K, 0% used [0x00000000eab00000,0x00000000eab00000,0x00000000ee900000)
  from space 8192K, 99% used [0x00000000ee900000,0x00000000ef0f8e60,0x00000000ef100000)
  to   space 9728K, 0% used [0x00000000f0300000,0x00000000f0300000,0x00000000f0c80000)
 ParOldGen       total 36864K, used 9540K [0x00000000c0000000, 0x00000000c2400000, 0x00000000eab00000)
  object space 36864K, 25% used [0x00000000c0000000,0x00000000c0951338,0x00000000c2400000)
 Metaspace       used 29826K, capacity 30442K, committed 30592K, reserved 1075200K
  class space    used 4197K, capacity 4383K, committed 4480K, reserved 1048576K
}
Event: 7.506 GC heap before
{Heap before GC invocations=11 (full 1):
 PSYoungGen      total 71680K, used 57002K [0x00000000eab00000, 0x00000000f0c80000, 0x0000000100000000)
  eden space 63488K, 76% used [0x00000000eab00000,0x00000000edab1a50,0x00000000ee900000)
  from space 8192K, 99% used [0x00000000ee900000,0x00000000ef0f8e60,0x00000000ef100000)
  to   space 9728K, 0% used [0x00000000f0300000,0x00000000f0300000,0x00000000f0c80000)
 ParOldGen       total 36864K, used 9540K [0x00000000c0000000, 0x00000000c2400000, 0x00000000eab00000)
  object space 36864K, 25% used [0x00000000c0000000,0x00000000c0951338,0x00000000c2400000)
 Metaspace       used 34597K, capacity 35286K, committed 35416K, reserved 1079296K
  class space    used 4864K, capacity 5148K, committed 5208K, reserved 1048576K
Event: 7.532 GC heap after
Heap after GC invocations=11 (full 1):
 PSYoungGen      total 89088K, used 9205K [0x00000000eab00000, 0x00000000f0f80000, 0x0000000100000000)
  eden space 79360K, 0% used [0x00000000eab00000,0x00000000eab00000,0x00000000ef880000)
  from space 9728K, 94% used [0x00000000f0300000,0x00000000f0bfd740,0x00000000f0c80000)
  to   space 10752K, 0% used [0x00000000ef880000,0x00000000ef880000,0x00000000f0300000)
 ParOldGen       total 36864K, used 11918K [0x00000000c0000000, 0x00000000c2400000, 0x00000000eab00000)
  object space 36864K, 32% used [0x00000000c0000000,0x00000000c0ba3968,0x00000000c2400000)
 Metaspace       used 34597K, capacity 35286K, committed 35416K, reserved 1079296K
  class space    used 4864K, capacity 5148K, committed 5208K, reserved 1048576K
}
Event: 7.532 GC heap before
{Heap before GC invocations=12 (full 2):
 PSYoungGen      total 89088K, used 9205K [0x00000000eab00000, 0x00000000f0f80000, 0x0000000100000000)
  eden space 79360K, 0% used [0x00000000eab00000,0x00000000eab00000,0x00000000ef880000)
  from space 9728K, 94% used [0x00000000f0300000,0x00000000f0bfd740,0x00000000f0c80000)
  to   space 10752K, 0% used [0x00000000ef880000,0x00000000ef880000,0x00000000f0300000)
 ParOldGen       total 36864K, used 11918K [0x00000000c0000000, 0x00000000c2400000, 0x00000000eab00000)
  object space 36864K, 32% used [0x00000000c0000000,0x00000000c0ba3968,0x00000000c2400000)
 Metaspace       used 34597K, capacity 35286K, committed 35416K, reserved 1079296K
  class space    used 4864K, capacity 5148K, committed 5208K, reserved 1048576K
Event: 7.644 GC heap after
Heap after GC invocations=12 (full 2):
 PSYoungGen      total 89088K, used 0K [0x00000000eab00000, 0x00000000f0f80000, 0x0000000100000000)
  eden space 79360K, 0% used [0x00000000eab00000,0x00000000eab00000,0x00000000ef880000)
  from space 9728K, 0% used [0x00000000f0300000,0x00000000f0300000,0x00000000f0c80000)
  to   space 10752K, 0% used [0x00000000ef880000,0x00000000ef880000,0x00000000f0300000)
 ParOldGen       total 36864K, used 17955K [0x00000000c0000000, 0x00000000c2400000, 0x00000000eab00000)
  object space 36864K, 48% used [0x00000000c0000000,0x00000000c1188c58,0x00000000c2400000)
 Metaspace       used 34597K, capacity 35286K, committed 35416K, reserved 1079296K
  class space    used 4864K, capacity 5148K, committed 5208K, reserved 1048576K
}
Event: 8.830 GC heap before
{Heap before GC invocations=13 (full 2):
 PSYoungGen      total 89088K, used 79360K [0x00000000eab00000, 0x00000000f0f80000, 0x0000000100000000)
  eden space 79360K, 100% used [0x00000000eab00000,0x00000000ef880000,0x00000000ef880000)
  from space 9728K, 0% used [0x00000000f0300000,0x00000000f0300000,0x00000000f0c80000)
  to   space 10752K, 0% used [0x00000000ef880000,0x00000000ef880000,0x00000000f0300000)
 ParOldGen       total 36864K, used 17955K [0x00000000c0000000, 0x00000000c2400000, 0x00000000eab00000)
  object space 36864K, 48% used [0x00000000c0000000,0x00000000c1188c58,0x00000000c2400000)
 Metaspace       used 39759K, capacity 40472K, committed 40920K, reserved 1085440K
  class space    used 5450K, capacity 5721K, committed 5848K, reserved 1048576K
Event: 8.853 GC heap after
Heap after GC invocations=13 (full 2):
 PSYoungGen      total 90112K, used 8173K [0x00000000eab00000, 0x00000000f0f80000, 0x0000000100000000)
  eden space 79360K, 0% used [0x00000000eab00000,0x00000000eab00000,0x00000000ef880000)
  from space 10752K, 76% used [0x00000000ef880000,0x00000000f007b478,0x00000000f0300000)
  to   space 9728K, 0% used [0x00000000f0300000,0x00000000f0300000,0x00000000f0c80000)
 ParOldGen       total 36864K, used 17963K [0x00000000c0000000, 0x00000000c2400000, 0x00000000eab00000)
  object space 36864K, 48% used [0x00000000c0000000,0x00000000c118ac58,0x00000000c2400000)
 Metaspace       used 39759K, capacity 40472K, committed 40920K, reserved 1085440K
  class space    used 5450K, capacity 5721K, committed 5848K, reserved 1048576K
}

