# JRE version: OpenJDK Runtime Environment (8.0_152-b06) (build 1.8.0_152-release-1136-b06)
# Java VM: OpenJDK 64-Bit Server VM (25.152-b06 mixed mode windows-amd64 compressed oops)
Heap:
 PSYoungGen      total 120832K, used 86846K [0x00000000e0000000, 0x00000000e9000000, 0x0000000100000000)
  eden space 110592K, 69% used [0x00000000e0000000,0x00000000e4ad0e58,0x00000000e6c00000)
  from space 10240K, 99% used [0x00000000e6c00000,0x00000000e75fec10,0x00000000e7600000)
  to   space 12288K, 0% used [0x00000000e8400000,0x00000000e8400000,0x00000000e9000000)
 ParOldGen       total 84480K, used 32777K [0x00000000a0000000, 0x00000000a5280000, 0x00000000e0000000)
  object space 84480K, 38% used [0x00000000a0000000,0x00000000a2002728,0x00000000a5280000)
 Metaspace       used 73225K, capacity 75562K, committed 75776K, reserved 1114112K
  class space    used 9650K, capacity 10192K, committed 10240K, reserved 1048576K
GC Heap History (10 events):
Event: 211.019 GC heap before
{Heap before GC invocations=24 (full 3):
 PSYoungGen      total 95232K, used 2693K [0x00000000e0000000, 0x00000000e7380000, 0x0000000100000000)
  eden space 84480K, 0% used [0x00000000e0000000,0x00000000e0000000,0x00000000e5280000)
  from space 10752K, 25% used [0x00000000e5280000,0x00000000e55217c0,0x00000000e5d00000)
  to   space 10752K, 0% used [0x00000000e6900000,0x00000000e6900000,0x00000000e7380000)
 ParOldGen       total 51712K, used 36897K [0x00000000a0000000, 0x00000000a3280000, 0x00000000e0000000)
  object space 51712K, 71% used [0x00000000a0000000,0x00000000a2408740,0x00000000a3280000)
 Metaspace       used 57353K, capacity 58994K, committed 59028K, reserved 1099776K
  class space    used 7770K, capacity 8162K, committed 8192K, reserved 1048576K
Event: 212.068 GC heap after
Heap after GC invocations=24 (full 3):
 PSYoungGen      total 95232K, used 0K [0x00000000e0000000, 0x00000000e7380000, 0x0000000100000000)
  eden space 84480K, 0% used [0x00000000e0000000,0x00000000e0000000,0x00000000e5280000)
  from space 10752K, 0% used [0x00000000e5280000,0x00000000e5280000,0x00000000e5d00000)
  to   space 10752K, 0% used [0x00000000e6900000,0x00000000e6900000,0x00000000e7380000)
 ParOldGen       total 84480K, used 31810K [0x00000000a0000000, 0x00000000a5280000, 0x00000000e0000000)
  object space 84480K, 37% used [0x00000000a0000000,0x00000000a1f10948,0x00000000a5280000)
 Metaspace       used 57353K, capacity 58994K, committed 59028K, reserved 1099776K
  class space    used 7770K, capacity 8162K, committed 8192K, reserved 1048576K
}
Event: 282.624 GC heap before
{Heap before GC invocations=25 (full 3):
 PSYoungGen      total 95232K, used 84480K [0x00000000e0000000, 0x00000000e7380000, 0x0000000100000000)
  eden space 84480K, 100% used [0x00000000e0000000,0x00000000e5280000,0x00000000e5280000)
  from space 10752K, 0% used [0x00000000e5280000,0x00000000e5280000,0x00000000e5d00000)
  to   space 10752K, 0% used [0x00000000e6900000,0x00000000e6900000,0x00000000e7380000)
 ParOldGen       total 84480K, used 31810K [0x00000000a0000000, 0x00000000a5280000, 0x00000000e0000000)
  object space 84480K, 37% used [0x00000000a0000000,0x00000000a1f10948,0x00000000a5280000)
 Metaspace       used 58813K, capacity 60448K, committed 60672K, reserved 1101824K
  class space    used 7916K, capacity 8339K, committed 8448K, reserved 1048576K
Event: 282.685 GC heap after
Heap after GC invocations=25 (full 3):
 PSYoungGen      total 105472K, used 2298K [0x00000000e0000000, 0x00000000e7280000, 0x0000000100000000)
  eden space 95744K, 0% used [0x00000000e0000000,0x00000000e0000000,0x00000000e5d80000)
  from space 9728K, 23% used [0x00000000e6900000,0x00000000e6b3e950,0x00000000e7280000)
  to   space 10752K, 0% used [0x00000000e5d80000,0x00000000e5d80000,0x00000000e6800000)
 ParOldGen       total 84480K, used 31818K [0x00000000a0000000, 0x00000000a5280000, 0x00000000e0000000)
  object space 84480K, 37% used [0x00000000a0000000,0x00000000a1f12948,0x00000000a5280000)
 Metaspace       used 58813K, capacity 60448K, committed 60672K, reserved 1101824K
  class space    used 7916K, capacity 8339K, committed 8448K, reserved 1048576K
}
Event: 284.993 GC heap before
{Heap before GC invocations=26 (full 3):
 PSYoungGen      total 105472K, used 98042K [0x00000000e0000000, 0x00000000e7280000, 0x0000000100000000)
  eden space 95744K, 100% used [0x00000000e0000000,0x00000000e5d80000,0x00000000e5d80000)
  from space 9728K, 23% used [0x00000000e6900000,0x00000000e6b3e950,0x00000000e7280000)
  to   space 10752K, 0% used [0x00000000e5d80000,0x00000000e5d80000,0x00000000e6800000)
 ParOldGen       total 84480K, used 31818K [0x00000000a0000000, 0x00000000a5280000, 0x00000000e0000000)
  object space 84480K, 37% used [0x00000000a0000000,0x00000000a1f12948,0x00000000a5280000)
 Metaspace       used 58819K, capacity 60448K, committed 60672K, reserved 1101824K
  class space    used 7916K, capacity 8339K, committed 8448K, reserved 1048576K
Event: 285.038 GC heap after
Heap after GC invocations=26 (full 3):
 PSYoungGen      total 106496K, used 1956K [0x00000000e0000000, 0x00000000e8380000, 0x0000000100000000)
  eden space 95744K, 0% used [0x00000000e0000000,0x00000000e0000000,0x00000000e5d80000)
  from space 10752K, 18% used [0x00000000e5d80000,0x00000000e5f69050,0x00000000e6800000)
  to   space 10752K, 0% used [0x00000000e7900000,0x00000000e7900000,0x00000000e8380000)
 ParOldGen       total 84480K, used 31826K [0x00000000a0000000, 0x00000000a5280000, 0x00000000e0000000)
  object space 84480K, 37% used [0x00000000a0000000,0x00000000a1f14948,0x00000000a5280000)
 Metaspace       used 58819K, capacity 60448K, committed 60672K, reserved 1101824K
  class space    used 7916K, capacity 8339K, committed 8448K, reserved 1048576K
}
Event: 334.990 GC heap before
{Heap before GC invocations=27 (full 3):
 PSYoungGen      total 106496K, used 97700K [0x00000000e0000000, 0x00000000e8380000, 0x0000000100000000)
  eden space 95744K, 100% used [0x00000000e0000000,0x00000000e5d80000,0x00000000e5d80000)
  from space 10752K, 18% used [0x00000000e5d80000,0x00000000e5f69050,0x00000000e6800000)
  to   space 10752K, 0% used [0x00000000e7900000,0x00000000e7900000,0x00000000e8380000)
 ParOldGen       total 84480K, used 31826K [0x00000000a0000000, 0x00000000a5280000, 0x00000000e0000000)
  object space 84480K, 37% used [0x00000000a0000000,0x00000000a1f14948,0x00000000a5280000)
 Metaspace       used 64332K, capacity 66036K, committed 66176K, reserved 1105920K
  class space    used 8542K, capacity 8987K, committed 9088K, reserved 1048576K
Event: 335.017 GC heap after
Heap after GC invocations=27 (full 3):
 PSYoungGen      total 117760K, used 5270K [0x00000000e0000000, 0x00000000e8000000, 0x0000000100000000)
  eden space 110592K, 0% used [0x00000000e0000000,0x00000000e0000000,0x00000000e6c00000)
  from space 7168K, 73% used [0x00000000e7900000,0x00000000e7e25ae8,0x00000000e8000000)
  to   space 10240K, 0% used [0x00000000e6c00000,0x00000000e6c00000,0x00000000e7600000)
 ParOldGen       total 84480K, used 31834K [0x00000000a0000000, 0x00000000a5280000, 0x00000000e0000000)
  object space 84480K, 37% used [0x00000000a0000000,0x00000000a1f16948,0x00000000a5280000)
 Metaspace       used 64332K, capacity 66036K, committed 66176K, reserved 1105920K
  class space    used 8542K, capacity 8987K, committed 9088K, reserved 1048576K
}
Event: 349.909 GC heap before
{Heap before GC invocations=28 (full 3):
 PSYoungGen      total 117760K, used 115862K [0x00000000e0000000, 0x00000000e8000000, 0x0000000100000000)
  eden space 110592K, 100% used [0x00000000e0000000,0x00000000e6c00000,0x00000000e6c00000)
  from space 7168K, 73% used [0x00000000e7900000,0x00000000e7e25ae8,0x00000000e8000000)
  to   space 10240K, 0% used [0x00000000e6c00000,0x00000000e6c00000,0x00000000e7600000)
 ParOldGen       total 84480K, used 31834K [0x00000000a0000000, 0x00000000a5280000, 0x00000000e0000000)
  object space 84480K, 37% used [0x00000000a0000000,0x00000000a1f16948,0x00000000a5280000)
 Metaspace       used 65539K, capacity 67368K, committed 67584K, reserved 1107968K
  class space    used 8681K, capacity 9127K, committed 9216K, reserved 1048576K
Event: 349.980 GC heap after
Heap after GC invocations=28 (full 3):
 PSYoungGen      total 120832K, used 10235K [0x00000000e0000000, 0x00000000e9000000, 0x0000000100000000)
  eden space 110592K, 0% used [0x00000000e0000000,0x00000000e0000000,0x00000000e6c00000)
  from space 10240K, 99% used [0x00000000e6c00000,0x00000000e75fec10,0x00000000e7600000)
  to   space 12288K, 0% used [0x00000000e8400000,0x00000000e8400000,0x00000000e9000000)
 ParOldGen       total 84480K, used 32777K [0x00000000a0000000, 0x00000000a5280000, 0x00000000e0000000)
  object space 84480K, 38% used [0x00000000a0000000,0x00000000a2002728,0x00000000a5280000)
 Metaspace       used 65539K, capacity 67368K, committed 67584K, reserved 1107968K
  class space    used 8681K, capacity 9127K, committed 9216K, reserved 1048576K
}

