# JRE version: OpenJDK Runtime Environment (8.0_152-b06) (build 1.8.0_152-release-1136-b06)
# Java VM: OpenJDK 64-Bit Server VM (25.152-b06 mixed mode windows-amd64 compressed oops)
Heap:
 PSYoungGen      total 69632K, used 46924K [0x00000000f5580000, 0x00000000fc180000, 0x0000000100000000)
  eden space 63488K, 64% used [0x00000000f5580000,0x00000000f7d58518,0x00000000f9380000)
  from space 6144K, 99% used [0x00000000f9b80000,0x00000000fa17adc0,0x00000000fa180000)
  to   space 8192K, 0% used [0x00000000f9380000,0x00000000f9380000,0x00000000f9b80000)
 ParOldGen       total 36352K, used 8563K [0x00000000e0000000, 0x00000000e2380000, 0x00000000f5580000)
  object space 36352K, 23% used [0x00000000e0000000,0x00000000e085ceb8,0x00000000e2380000)
 Metaspace       used 28772K, capacity 29356K, committed 29568K, reserved 1075200K
  class space    used 3991K, capacity 4170K, committed 4224K, reserved 1048576K
GC Heap History (10 events):
Event: 2.303 GC heap before
{Heap before GC invocations=5 (full 0):
 PSYoungGen      total 35328K, used 35312K [0x00000000f5580000, 0x00000000f7a80000, 0x0000000100000000)
  eden space 32768K, 100% used [0x00000000f5580000,0x00000000f7580000,0x00000000f7580000)
  from space 2560K, 99% used [0x00000000f7800000,0x00000000f7a7c030,0x00000000f7a80000)
  to   space 2560K, 0% used [0x00000000f7580000,0x00000000f7580000,0x00000000f7800000)
 ParOldGen       total 44032K, used 2530K [0x00000000e0000000, 0x00000000e2b00000, 0x00000000f5580000)
  object space 44032K, 5% used [0x00000000e0000000,0x00000000e0278b50,0x00000000e2b00000)
 Metaspace       used 13875K, capacity 14192K, committed 14464K, reserved 1060864K
  class space    used 1933K, capacity 2058K, committed 2176K, reserved 1048576K
Event: 2.313 GC heap after
Heap after GC invocations=5 (full 0):
 PSYoungGen      total 35328K, used 2544K [0x00000000f5580000, 0x00000000fa180000, 0x0000000100000000)
  eden space 32768K, 0% used [0x00000000f5580000,0x00000000f5580000,0x00000000f7580000)
  from space 2560K, 99% used [0x00000000f7580000,0x00000000f77fc010,0x00000000f7800000)
  to   space 6144K, 0% used [0x00000000f9b80000,0x00000000f9b80000,0x00000000fa180000)
 ParOldGen       total 44032K, used 6217K [0x00000000e0000000, 0x00000000e2b00000, 0x00000000f5580000)
  object space 44032K, 14% used [0x00000000e0000000,0x00000000e0612640,0x00000000e2b00000)
 Metaspace       used 13875K, capacity 14192K, committed 14464K, reserved 1060864K
  class space    used 1933K, capacity 2058K, committed 2176K, reserved 1048576K
}
Event: 2.960 GC heap before
{Heap before GC invocations=6 (full 0):
 PSYoungGen      total 35328K, used 35312K [0x00000000f5580000, 0x00000000fa180000, 0x0000000100000000)
  eden space 32768K, 100% used [0x00000000f5580000,0x00000000f7580000,0x00000000f7580000)
  from space 2560K, 99% used [0x00000000f7580000,0x00000000f77fc010,0x00000000f7800000)
  to   space 6144K, 0% used [0x00000000f9b80000,0x00000000f9b80000,0x00000000fa180000)
 ParOldGen       total 44032K, used 6217K [0x00000000e0000000, 0x00000000e2b00000, 0x00000000f5580000)
  object space 44032K, 14% used [0x00000000e0000000,0x00000000e0612640,0x00000000e2b00000)
 Metaspace       used 17009K, capacity 17352K, committed 17536K, reserved 1064960K
  class space    used 2458K, capacity 2574K, committed 2688K, reserved 1048576K
Event: 2.979 GC heap after
Heap after GC invocations=6 (full 0):
 PSYoungGen      total 70144K, used 6126K [0x00000000f5580000, 0x00000000fa480000, 0x0000000100000000)
  eden space 64000K, 0% used [0x00000000f5580000,0x00000000f5580000,0x00000000f9400000)
  from space 6144K, 99% used [0x00000000f9b80000,0x00000000fa17b958,0x00000000fa180000)
  to   space 7680K, 0% used [0x00000000f9400000,0x00000000f9400000,0x00000000f9b80000)
 ParOldGen       total 44032K, used 6536K [0x00000000e0000000, 0x00000000e2b00000, 0x00000000f5580000)
  object space 44032K, 14% used [0x00000000e0000000,0x00000000e0662228,0x00000000e2b00000)
 Metaspace       used 17009K, capacity 17352K, committed 17536K, reserved 1064960K
  class space    used 2458K, capacity 2574K, committed 2688K, reserved 1048576K
}
Event: 3.679 GC heap before
{Heap before GC invocations=7 (full 0):
 PSYoungGen      total 70144K, used 30105K [0x00000000f5580000, 0x00000000fa480000, 0x0000000100000000)
  eden space 64000K, 37% used [0x00000000f5580000,0x00000000f6cead08,0x00000000f9400000)
  from space 6144K, 99% used [0x00000000f9b80000,0x00000000fa17b958,0x00000000fa180000)
  to   space 7680K, 0% used [0x00000000f9400000,0x00000000f9400000,0x00000000f9b80000)
 ParOldGen       total 44032K, used 6536K [0x00000000e0000000, 0x00000000e2b00000, 0x00000000f5580000)
  object space 44032K, 14% used [0x00000000e0000000,0x00000000e0662228,0x00000000e2b00000)
 Metaspace       used 20819K, capacity 21232K, committed 21248K, reserved 1067008K
  class space    used 2918K, capacity 3071K, committed 3072K, reserved 1048576K
Event: 3.690 GC heap after
Heap after GC invocations=7 (full 0):
 PSYoungGen      total 71680K, used 6240K [0x00000000f5580000, 0x00000000fa480000, 0x0000000100000000)
  eden space 64000K, 0% used [0x00000000f5580000,0x00000000f5580000,0x00000000f9400000)
  from space 7680K, 81% used [0x00000000f9400000,0x00000000f9a18218,0x00000000f9b80000)
  to   space 6144K, 0% used [0x00000000f9b80000,0x00000000f9b80000,0x00000000fa180000)
 ParOldGen       total 44032K, used 7224K [0x00000000e0000000, 0x00000000e2b00000, 0x00000000f5580000)
  object space 44032K, 16% used [0x00000000e0000000,0x00000000e070e268,0x00000000e2b00000)
 Metaspace       used 20819K, capacity 21232K, committed 21248K, reserved 1067008K
  class space    used 2918K, capacity 3071K, committed 3072K, reserved 1048576K
}
Event: 3.690 GC heap before
{Heap before GC invocations=8 (full 1):
 PSYoungGen      total 71680K, used 6240K [0x00000000f5580000, 0x00000000fa480000, 0x0000000100000000)
  eden space 64000K, 0% used [0x00000000f5580000,0x00000000f5580000,0x00000000f9400000)
  from space 7680K, 81% used [0x00000000f9400000,0x00000000f9a18218,0x00000000f9b80000)
  to   space 6144K, 0% used [0x00000000f9b80000,0x00000000f9b80000,0x00000000fa180000)
 ParOldGen       total 44032K, used 7224K [0x00000000e0000000, 0x00000000e2b00000, 0x00000000f5580000)
  object space 44032K, 16% used [0x00000000e0000000,0x00000000e070e268,0x00000000e2b00000)
 Metaspace       used 20819K, capacity 21232K, committed 21248K, reserved 1067008K
  class space    used 2918K, capacity 3071K, committed 3072K, reserved 1048576K
Event: 3.751 GC heap after
Heap after GC invocations=8 (full 1):
 PSYoungGen      total 71680K, used 0K [0x00000000f5580000, 0x00000000fa480000, 0x0000000100000000)
  eden space 64000K, 0% used [0x00000000f5580000,0x00000000f5580000,0x00000000f9400000)
  from space 7680K, 0% used [0x00000000f9400000,0x00000000f9400000,0x00000000f9b80000)
  to   space 6144K, 0% used [0x00000000f9b80000,0x00000000f9b80000,0x00000000fa180000)
 ParOldGen       total 36352K, used 8462K [0x00000000e0000000, 0x00000000e2380000, 0x00000000f5580000)
  object space 36352K, 23% used [0x00000000e0000000,0x00000000e0843ba8,0x00000000e2380000)
 Metaspace       used 20819K, capacity 21232K, committed 21248K, reserved 1067008K
  class space    used 2918K, capacity 3071K, committed 3072K, reserved 1048576K
}
Event: 5.365 GC heap before
{Heap before GC invocations=9 (full 1):
 PSYoungGen      total 71680K, used 64000K [0x00000000f5580000, 0x00000000fa480000, 0x0000000100000000)
  eden space 64000K, 100% used [0x00000000f5580000,0x00000000f9400000,0x00000000f9400000)
  from space 7680K, 0% used [0x00000000f9400000,0x00000000f9400000,0x00000000f9b80000)
  to   space 6144K, 0% used [0x00000000f9b80000,0x00000000f9b80000,0x00000000fa180000)
 ParOldGen       total 36352K, used 8462K [0x00000000e0000000, 0x00000000e2380000, 0x00000000f5580000)
  object space 36352K, 23% used [0x00000000e0000000,0x00000000e0843ba8,0x00000000e2380000)
 Metaspace       used 25892K, capacity 26412K, committed 26624K, reserved 1073152K
  class space    used 3626K, capacity 3789K, committed 3840K, reserved 1048576K
Event: 5.376 GC heap after
Heap after GC invocations=9 (full 1):
 PSYoungGen      total 69632K, used 6123K [0x00000000f5580000, 0x00000000fc180000, 0x0000000100000000)
  eden space 63488K, 0% used [0x00000000f5580000,0x00000000f5580000,0x00000000f9380000)
  from space 6144K, 99% used [0x00000000f9b80000,0x00000000fa17adc0,0x00000000fa180000)
  to   space 8192K, 0% used [0x00000000f9380000,0x00000000f9380000,0x00000000f9b80000)
 ParOldGen       total 36352K, used 8563K [0x00000000e0000000, 0x00000000e2380000, 0x00000000f5580000)
  object space 36352K, 23% used [0x00000000e0000000,0x00000000e085ceb8,0x00000000e2380000)
 Metaspace       used 25892K, capacity 26412K, committed 26624K, reserved 1073152K
  class space    used 3626K, capacity 3789K, committed 3840K, reserved 1048576K
}

