# JRE version: OpenJDK Runtime Environment (8.0_152-b06) (build 1.8.0_152-release-1136-b06)
# Java VM: OpenJDK 64-Bit Server VM (25.152-b06 mixed mode windows-amd64 compressed oops)
Heap:
 PSYoungGen      total 67072K, used 4606K [0x00000000e0000000, 0x00000000e5a00000, 0x0000000100000000)
  eden space 61440K, 7% used [0x00000000e0000000,0x00000000e047fae8,0x00000000e3c00000)
  from space 5632K, 0% used [0x00000000e3c00000,0x00000000e3c00000,0x00000000e4180000)
  to   space 5632K, 0% used [0x00000000e5480000,0x00000000e5480000,0x00000000e5a00000)
 ParOldGen       total 49152K, used 16082K [0x00000000a0000000, 0x00000000a3000000, 0x00000000e0000000)
  object space 49152K, 32% used [0x00000000a0000000,0x00000000a0fb4bb8,0x00000000a3000000)
 Metaspace       used 35423K, capacity 36008K, committed 36352K, reserved 1081344K
  class space    used 4881K, capacity 5064K, committed 5120K, reserved 1048576K
GC Heap History (10 events):
Event: 29.259 GC heap before
{Heap before GC invocations=11 (full 1):
 PSYoungGen      total 37376K, used 31744K [0x00000000e0000000, 0x00000000e3d00000, 0x0000000100000000)
  eden space 31744K, 100% used [0x00000000e0000000,0x00000000e1f00000,0x00000000e1f00000)
  from space 5632K, 0% used [0x00000000e1f00000,0x00000000e1f00000,0x00000000e2480000)
  to   space 5632K, 0% used [0x00000000e3780000,0x00000000e3780000,0x00000000e3d00000)
 ParOldGen       total 32256K, used 8461K [0x00000000a0000000, 0x00000000a1f80000, 0x00000000e0000000)
  object space 32256K, 26% used [0x00000000a0000000,0x00000000a0843558,0x00000000a1f80000)
 Metaspace       used 23846K, capacity 24268K, committed 24448K, reserved 1071104K
  class space    used 3272K, capacity 3433K, committed 3456K, reserved 1048576K
Event: 29.272 GC heap after
Heap after GC invocations=11 (full 1):
 PSYoungGen      total 49152K, used 3650K [0x00000000e0000000, 0x00000000e3b80000, 0x0000000100000000)
  eden space 45056K, 0% used [0x00000000e0000000,0x00000000e0000000,0x00000000e2c00000)
  from space 4096K, 89% used [0x00000000e3780000,0x00000000e3b10848,0x00000000e3b80000)
  to   space 5632K, 0% used [0x00000000e3080000,0x00000000e3080000,0x00000000e3600000)
 ParOldGen       total 32256K, used 8469K [0x00000000a0000000, 0x00000000a1f80000, 0x00000000e0000000)
  object space 32256K, 26% used [0x00000000a0000000,0x00000000a0845558,0x00000000a1f80000)
 Metaspace       used 23846K, capacity 24268K, committed 24448K, reserved 1071104K
  class space    used 3272K, capacity 3433K, committed 3456K, reserved 1048576K
}
Event: 60.327 GC heap before
{Heap before GC invocations=12 (full 1):
 PSYoungGen      total 49152K, used 48706K [0x00000000e0000000, 0x00000000e3b80000, 0x0000000100000000)
  eden space 45056K, 100% used [0x00000000e0000000,0x00000000e2c00000,0x00000000e2c00000)
  from space 4096K, 89% used [0x00000000e3780000,0x00000000e3b10848,0x00000000e3b80000)
  to   space 5632K, 0% used [0x00000000e3080000,0x00000000e3080000,0x00000000e3600000)
 ParOldGen       total 32256K, used 8469K [0x00000000a0000000, 0x00000000a1f80000, 0x00000000e0000000)
  object space 32256K, 26% used [0x00000000a0000000,0x00000000a0845558,0x00000000a1f80000)
 Metaspace       used 27215K, capacity 27676K, committed 27776K, reserved 1073152K
  class space    used 3769K, capacity 3927K, committed 3968K, reserved 1048576K
Event: 60.353 GC heap after
Heap after GC invocations=12 (full 1):
 PSYoungGen      total 55296K, used 4331K [0x00000000e0000000, 0x00000000e4700000, 0x0000000100000000)
  eden space 49664K, 0% used [0x00000000e0000000,0x00000000e0000000,0x00000000e3080000)
  from space 5632K, 76% used [0x00000000e3080000,0x00000000e34bafa8,0x00000000e3600000)
  to   space 5632K, 0% used [0x00000000e4180000,0x00000000e4180000,0x00000000e4700000)
 ParOldGen       total 32256K, used 10021K [0x00000000a0000000, 0x00000000a1f80000, 0x00000000e0000000)
  object space 32256K, 31% used [0x00000000a0000000,0x00000000a09c95f8,0x00000000a1f80000)
 Metaspace       used 27215K, capacity 27676K, committed 27776K, reserved 1073152K
  class space    used 3769K, capacity 3927K, committed 3968K, reserved 1048576K
}
Event: 63.994 GC heap before
{Heap before GC invocations=13 (full 1):
 PSYoungGen      total 55296K, used 53995K [0x00000000e0000000, 0x00000000e4700000, 0x0000000100000000)
  eden space 49664K, 100% used [0x00000000e0000000,0x00000000e3080000,0x00000000e3080000)
  from space 5632K, 76% used [0x00000000e3080000,0x00000000e34bafa8,0x00000000e3600000)
  to   space 5632K, 0% used [0x00000000e4180000,0x00000000e4180000,0x00000000e4700000)
 ParOldGen       total 32256K, used 10021K [0x00000000a0000000, 0x00000000a1f80000, 0x00000000e0000000)
  object space 32256K, 31% used [0x00000000a0000000,0x00000000a09c95f8,0x00000000a1f80000)
 Metaspace       used 29842K, capacity 30280K, committed 30464K, reserved 1075200K
  class space    used 4166K, capacity 4347K, committed 4352K, reserved 1048576K
Event: 64.026 GC heap after
Heap after GC invocations=13 (full 1):
 PSYoungGen      total 67072K, used 4294K [0x00000000e0000000, 0x00000000e4d00000, 0x0000000100000000)
  eden space 61440K, 0% used [0x00000000e0000000,0x00000000e0000000,0x00000000e3c00000)
  from space 5632K, 76% used [0x00000000e4180000,0x00000000e45b1880,0x00000000e4700000)
  to   space 5632K, 0% used [0x00000000e3c00000,0x00000000e3c00000,0x00000000e4180000)
 ParOldGen       total 32256K, used 11693K [0x00000000a0000000, 0x00000000a1f80000, 0x00000000e0000000)
  object space 32256K, 36% used [0x00000000a0000000,0x00000000a0b6b788,0x00000000a1f80000)
 Metaspace       used 29842K, capacity 30280K, committed 30464K, reserved 1075200K
  class space    used 4166K, capacity 4347K, committed 4352K, reserved 1048576K
}
Event: 111.595 GC heap before
{Heap before GC invocations=14 (full 1):
 PSYoungGen      total 67072K, used 36710K [0x00000000e0000000, 0x00000000e4d00000, 0x0000000100000000)
  eden space 61440K, 52% used [0x00000000e0000000,0x00000000e1fa8298,0x00000000e3c00000)
  from space 5632K, 76% used [0x00000000e4180000,0x00000000e45b1880,0x00000000e4700000)
  to   space 5632K, 0% used [0x00000000e3c00000,0x00000000e3c00000,0x00000000e4180000)
 ParOldGen       total 32256K, used 11693K [0x00000000a0000000, 0x00000000a1f80000, 0x00000000e0000000)
  object space 32256K, 36% used [0x00000000a0000000,0x00000000a0b6b788,0x00000000a1f80000)
 Metaspace       used 34787K, capacity 35308K, committed 35416K, reserved 1079296K
  class space    used 4818K, capacity 5026K, committed 5120K, reserved 1048576K
Event: 111.615 GC heap after
Heap after GC invocations=14 (full 1):
 PSYoungGen      total 67072K, used 4776K [0x00000000e0000000, 0x00000000e5a00000, 0x0000000100000000)
  eden space 61440K, 0% used [0x00000000e0000000,0x00000000e0000000,0x00000000e3c00000)
  from space 5632K, 84% used [0x00000000e3c00000,0x00000000e40aa098,0x00000000e4180000)
  to   space 5632K, 0% used [0x00000000e5480000,0x00000000e5480000,0x00000000e5a00000)
 ParOldGen       total 32256K, used 13346K [0x00000000a0000000, 0x00000000a1f80000, 0x00000000e0000000)
  object space 32256K, 41% used [0x00000000a0000000,0x00000000a0d08828,0x00000000a1f80000)
 Metaspace       used 34787K, capacity 35308K, committed 35416K, reserved 1079296K
  class space    used 4818K, capacity 5026K, committed 5120K, reserved 1048576K
}
Event: 111.615 GC heap before
{Heap before GC invocations=15 (full 2):
 PSYoungGen      total 67072K, used 4776K [0x00000000e0000000, 0x00000000e5a00000, 0x0000000100000000)
  eden space 61440K, 0% used [0x00000000e0000000,0x00000000e0000000,0x00000000e3c00000)
  from space 5632K, 84% used [0x00000000e3c00000,0x00000000e40aa098,0x00000000e4180000)
  to   space 5632K, 0% used [0x00000000e5480000,0x00000000e5480000,0x00000000e5a00000)
 ParOldGen       total 32256K, used 13346K [0x00000000a0000000, 0x00000000a1f80000, 0x00000000e0000000)
  object space 32256K, 41% used [0x00000000a0000000,0x00000000a0d08828,0x00000000a1f80000)
 Metaspace       used 34787K, capacity 35308K, committed 35416K, reserved 1079296K
  class space    used 4818K, capacity 5026K, committed 5120K, reserved 1048576K
Event: 111.868 GC heap after
Heap after GC invocations=15 (full 2):
 PSYoungGen      total 67072K, used 0K [0x00000000e0000000, 0x00000000e5a00000, 0x0000000100000000)
  eden space 61440K, 0% used [0x00000000e0000000,0x00000000e0000000,0x00000000e3c00000)
  from space 5632K, 0% used [0x00000000e3c00000,0x00000000e3c00000,0x00000000e4180000)
  to   space 5632K, 0% used [0x00000000e5480000,0x00000000e5480000,0x00000000e5a00000)
 ParOldGen       total 49152K, used 16082K [0x00000000a0000000, 0x00000000a3000000, 0x00000000e0000000)
  object space 49152K, 32% used [0x00000000a0000000,0x00000000a0fb4bb8,0x00000000a3000000)
 Metaspace       used 34787K, capacity 35308K, committed 35416K, reserved 1079296K
  class space    used 4818K, capacity 5026K, committed 5120K, reserved 1048576K
}

