# JRE version: OpenJDK Runtime Environment (8.0_152-b06) (build 1.8.0_152-release-1136-b06)
# Java VM: OpenJDK 64-Bit Server VM (25.152-b06 mixed mode windows-amd64 compressed oops)
Heap:
 PSYoungGen      total 229376K, used 56589K [0x00000000eab00000, 0x00000000fb580000, 0x0000000100000000)
  eden space 208384K, 27% used [0x00000000eab00000,0x00000000ee243780,0x00000000f7680000)
  from space 20992K, 0% used [0x00000000f8b80000,0x00000000f8b80000,0x00000000fa000000)
  to   space 21504K, 0% used [0x00000000f7680000,0x00000000f7680000,0x00000000f8b80000)
 ParOldGen       total 54272K, used 44933K [0x00000000c0000000, 0x00000000c3500000, 0x00000000eab00000)
  object space 54272K, 82% used [0x00000000c0000000,0x00000000c2be14d0,0x00000000c3500000)
 Metaspace       used 60338K, capacity 62536K, committed 62808K, reserved 1103872K
  class space    used 8137K, capacity 8680K, committed 8792K, reserved 1048576K
GC Heap History (10 events):
Event: 44.718 GC heap before
{Heap before GC invocations=11 (full 2):
 PSYoungGen      total 134656K, used 8179K [0x00000000eab00000, 0x00000000f7000000, 0x0000000100000000)
  eden space 126464K, 0% used [0x00000000eab00000,0x00000000eab00000,0x00000000f2680000)
  from space 8192K, 99% used [0x00000000f2680000,0x00000000f2e7ce38,0x00000000f2e80000)
  to   space 11776K, 0% used [0x00000000f6480000,0x00000000f6480000,0x00000000f7000000)
 ParOldGen       total 30720K, used 14519K [0x00000000c0000000, 0x00000000c1e00000, 0x00000000eab00000)
  object space 30720K, 47% used [0x00000000c0000000,0x00000000c0e2df68,0x00000000c1e00000)
 Metaspace       used 34557K, capacity 35286K, committed 35416K, reserved 1079296K
  class space    used 4847K, capacity 5148K, committed 5208K, reserved 1048576K
Event: 44.842 GC heap after
Heap after GC invocations=11 (full 2):
 PSYoungGen      total 134656K, used 0K [0x00000000eab00000, 0x00000000f7000000, 0x0000000100000000)
  eden space 126464K, 0% used [0x00000000eab00000,0x00000000eab00000,0x00000000f2680000)
  from space 8192K, 0% used [0x00000000f2680000,0x00000000f2680000,0x00000000f2e80000)
  to   space 11776K, 0% used [0x00000000f6480000,0x00000000f6480000,0x00000000f7000000)
 ParOldGen       total 54272K, used 20482K [0x00000000c0000000, 0x00000000c3500000, 0x00000000eab00000)
  object space 54272K, 37% used [0x00000000c0000000,0x00000000c1400b08,0x00000000c3500000)
 Metaspace       used 34557K, capacity 35286K, committed 35416K, reserved 1079296K
  class space    used 4847K, capacity 5148K, committed 5208K, reserved 1048576K
}
Event: 48.062 GC heap before
{Heap before GC invocations=12 (full 2):
 PSYoungGen      total 134656K, used 126464K [0x00000000eab00000, 0x00000000f7000000, 0x0000000100000000)
  eden space 126464K, 100% used [0x00000000eab00000,0x00000000f2680000,0x00000000f2680000)
  from space 8192K, 0% used [0x00000000f2680000,0x00000000f2680000,0x00000000f2e80000)
  to   space 11776K, 0% used [0x00000000f6480000,0x00000000f6480000,0x00000000f7000000)
 ParOldGen       total 54272K, used 20482K [0x00000000c0000000, 0x00000000c3500000, 0x00000000eab00000)
  object space 54272K, 37% used [0x00000000c0000000,0x00000000c1400b48,0x00000000c3500000)
 Metaspace       used 42867K, capacity 43848K, committed 44120K, reserved 1087488K
  class space    used 5821K, capacity 6156K, committed 6232K, reserved 1048576K
Event: 48.093 GC heap after
Heap after GC invocations=12 (full 2):
 PSYoungGen      total 175104K, used 11764K [0x00000000eab00000, 0x00000000f7000000, 0x0000000100000000)
  eden space 163328K, 0% used [0x00000000eab00000,0x00000000eab00000,0x00000000f4a80000)
  from space 11776K, 99% used [0x00000000f6480000,0x00000000f6ffd278,0x00000000f7000000)
  to   space 14848K, 0% used [0x00000000f5300000,0x00000000f5300000,0x00000000f6180000)
 ParOldGen       total 54272K, used 23865K [0x00000000c0000000, 0x00000000c3500000, 0x00000000eab00000)
  object space 54272K, 43% used [0x00000000c0000000,0x00000000c174e708,0x00000000c3500000)
 Metaspace       used 42867K, capacity 43848K, committed 44120K, reserved 1087488K
  class space    used 5821K, capacity 6156K, committed 6232K, reserved 1048576K
}
Event: 54.405 GC heap before
{Heap before GC invocations=13 (full 2):
 PSYoungGen      total 175104K, used 175092K [0x00000000eab00000, 0x00000000f7000000, 0x0000000100000000)
  eden space 163328K, 100% used [0x00000000eab00000,0x00000000f4a80000,0x00000000f4a80000)
  from space 11776K, 99% used [0x00000000f6480000,0x00000000f6ffd278,0x00000000f7000000)
  to   space 14848K, 0% used [0x00000000f5300000,0x00000000f5300000,0x00000000f6180000)
 ParOldGen       total 54272K, used 23879K [0x00000000c0000000, 0x00000000c3500000, 0x00000000eab00000)
  object space 54272K, 43% used [0x00000000c0000000,0x00000000c1751c00,0x00000000c3500000)
 Metaspace       used 56026K, capacity 57724K, committed 57816K, reserved 1099776K
  class space    used 7695K, capacity 8128K, committed 8152K, reserved 1048576K
Event: 54.456 GC heap after
Heap after GC invocations=13 (full 2):
 PSYoungGen      total 186880K, used 14837K [0x00000000eab00000, 0x00000000fa000000, 0x0000000100000000)
  eden space 172032K, 0% used [0x00000000eab00000,0x00000000eab00000,0x00000000f5300000)
  from space 14848K, 99% used [0x00000000f5300000,0x00000000f617d7b0,0x00000000f6180000)
  to   space 20992K, 0% used [0x00000000f8b80000,0x00000000f8b80000,0x00000000fa000000)
 ParOldGen       total 54272K, used 34045K [0x00000000c0000000, 0x00000000c3500000, 0x00000000eab00000)
  object space 54272K, 62% used [0x00000000c0000000,0x00000000c213f4f0,0x00000000c3500000)
 Metaspace       used 56026K, capacity 57724K, committed 57816K, reserved 1099776K
  class space    used 7695K, capacity 8128K, committed 8152K, reserved 1048576K
}
Event: 56.206 GC heap before
{Heap before GC invocations=14 (full 2):
 PSYoungGen      total 186880K, used 125637K [0x00000000eab00000, 0x00000000fa000000, 0x0000000100000000)
  eden space 172032K, 64% used [0x00000000eab00000,0x00000000f1733d20,0x00000000f5300000)
  from space 14848K, 99% used [0x00000000f5300000,0x00000000f617d7b0,0x00000000f6180000)
  to   space 20992K, 0% used [0x00000000f8b80000,0x00000000f8b80000,0x00000000fa000000)
 ParOldGen       total 54272K, used 34045K [0x00000000c0000000, 0x00000000c3500000, 0x00000000eab00000)
  object space 54272K, 62% used [0x00000000c0000000,0x00000000c213f4f0,0x00000000c3500000)
 Metaspace       used 57148K, capacity 58900K, committed 59028K, reserved 1099776K
  class space    used 7871K, capacity 8322K, committed 8408K, reserved 1048576K
Event: 56.259 GC heap after
Heap after GC invocations=14 (full 2):
 PSYoungGen      total 229376K, used 13120K [0x00000000eab00000, 0x00000000fb580000, 0x0000000100000000)
  eden space 208384K, 0% used [0x00000000eab00000,0x00000000eab00000,0x00000000f7680000)
  from space 20992K, 62% used [0x00000000f8b80000,0x00000000f9850010,0x00000000fa000000)
  to   space 21504K, 0% used [0x00000000f7680000,0x00000000f7680000,0x00000000f8b80000)
 ParOldGen       total 54272K, used 42256K [0x00000000c0000000, 0x00000000c3500000, 0x00000000eab00000)
  object space 54272K, 77% used [0x00000000c0000000,0x00000000c29441b0,0x00000000c3500000)
 Metaspace       used 57148K, capacity 58900K, committed 59028K, reserved 1099776K
  class space    used 7871K, capacity 8322K, committed 8408K, reserved 1048576K
}
Event: 56.259 GC heap before
{Heap before GC invocations=15 (full 3):
 PSYoungGen      total 229376K, used 13120K [0x00000000eab00000, 0x00000000fb580000, 0x0000000100000000)
  eden space 208384K, 0% used [0x00000000eab00000,0x00000000eab00000,0x00000000f7680000)
  from space 20992K, 62% used [0x00000000f8b80000,0x00000000f9850010,0x00000000fa000000)
  to   space 21504K, 0% used [0x00000000f7680000,0x00000000f7680000,0x00000000f8b80000)
 ParOldGen       total 54272K, used 42256K [0x00000000c0000000, 0x00000000c3500000, 0x00000000eab00000)
  object space 54272K, 77% used [0x00000000c0000000,0x00000000c29441b0,0x00000000c3500000)
 Metaspace       used 57148K, capacity 58900K, committed 59028K, reserved 1099776K
  class space    used 7871K, capacity 8322K, committed 8408K, reserved 1048576K
Event: 56.752 GC heap after
Heap after GC invocations=15 (full 3):
 PSYoungGen      total 229376K, used 0K [0x00000000eab00000, 0x00000000fb580000, 0x0000000100000000)
  eden space 208384K, 0% used [0x00000000eab00000,0x00000000eab00000,0x00000000f7680000)
  from space 20992K, 0% used [0x00000000f8b80000,0x00000000f8b80000,0x00000000fa000000)
  to   space 21504K, 0% used [0x00000000f7680000,0x00000000f7680000,0x00000000f8b80000)
 ParOldGen       total 54272K, used 44933K [0x00000000c0000000, 0x00000000c3500000, 0x00000000eab00000)
  object space 54272K, 82% used [0x00000000c0000000,0x00000000c2be14d0,0x00000000c3500000)
 Metaspace       used 57148K, capacity 58900K, committed 59028K, reserved 1099776K
  class space    used 7871K, capacity 8322K, committed 8408K, reserved 1048576K
}

