# JRE version: OpenJDK Runtime Environment (8.0_152-b06) (build 1.8.0_152-release-1136-b06)
# Java VM: OpenJDK 64-Bit Server VM (25.152-b06 mixed mode windows-amd64 compressed oops)
Heap:
 PSYoungGen      total 134656K, used 35879K [0x00000000f5580000, 0x0000000100000000, 0x0000000100000000)
  eden space 123392K, 19% used [0x00000000f5580000,0x00000000f6d8ad38,0x00000000fce00000)
  from space 11264K, 99% used [0x00000000fdc00000,0x00000000fe6ff260,0x00000000fe700000)
  to   space 14336K, 0% used [0x00000000fce00000,0x00000000fce00000,0x00000000fdc00000)
 ParOldGen       total 60416K, used 22820K [0x00000000e0000000, 0x00000000e3b00000, 0x00000000f5580000)
  object space 60416K, 37% used [0x00000000e0000000,0x00000000e1649110,0x00000000e3b00000)
 Metaspace       used 45939K, capacity 46762K, committed 46976K, reserved 1089536K
  class space    used 6250K, capacity 6528K, committed 6528K, reserved 1048576K
GC Heap History (10 events):
Event: 3.873 GC heap before
{Heap before GC invocations=8 (full 1):
 PSYoungGen      total 71680K, used 6267K [0x00000000f5580000, 0x00000000fe280000, 0x0000000100000000)
  eden space 64000K, 0% used [0x00000000f5580000,0x00000000f5580000,0x00000000f9400000)
  from space 7680K, 81% used [0x00000000f9400000,0x00000000f9a1ec20,0x00000000f9b80000)
  to   space 8192K, 0% used [0x00000000fda80000,0x00000000fda80000,0x00000000fe280000)
 ParOldGen       total 44032K, used 7041K [0x00000000e0000000, 0x00000000e2b00000, 0x00000000f5580000)
  object space 44032K, 15% used [0x00000000e0000000,0x00000000e06e0410,0x00000000e2b00000)
 Metaspace       used 20860K, capacity 21244K, committed 21248K, reserved 1067008K
  class space    used 2927K, capacity 3072K, committed 3072K, reserved 1048576K
Event: 3.931 GC heap after
Heap after GC invocations=8 (full 1):
 PSYoungGen      total 71680K, used 0K [0x00000000f5580000, 0x00000000fe280000, 0x0000000100000000)
  eden space 64000K, 0% used [0x00000000f5580000,0x00000000f5580000,0x00000000f9400000)
  from space 7680K, 0% used [0x00000000f9400000,0x00000000f9400000,0x00000000f9b80000)
  to   space 8192K, 0% used [0x00000000fda80000,0x00000000fda80000,0x00000000fe280000)
 ParOldGen       total 35328K, used 8514K [0x00000000e0000000, 0x00000000e2280000, 0x00000000f5580000)
  object space 35328K, 24% used [0x00000000e0000000,0x00000000e0850af0,0x00000000e2280000)
 Metaspace       used 20860K, capacity 21244K, committed 21248K, reserved 1067008K
  class space    used 2927K, capacity 3072K, committed 3072K, reserved 1048576K
}
Event: 5.516 GC heap before
{Heap before GC invocations=9 (full 1):
 PSYoungGen      total 71680K, used 64000K [0x00000000f5580000, 0x00000000fe280000, 0x0000000100000000)
  eden space 64000K, 100% used [0x00000000f5580000,0x00000000f9400000,0x00000000f9400000)
  from space 7680K, 0% used [0x00000000f9400000,0x00000000f9400000,0x00000000f9b80000)
  to   space 8192K, 0% used [0x00000000fda80000,0x00000000fda80000,0x00000000fe280000)
 ParOldGen       total 35328K, used 8514K [0x00000000e0000000, 0x00000000e2280000, 0x00000000f5580000)
  object space 35328K, 24% used [0x00000000e0000000,0x00000000e0850af0,0x00000000e2280000)
 Metaspace       used 26522K, capacity 26966K, committed 27136K, reserved 1073152K
  class space    used 3637K, capacity 3797K, committed 3840K, reserved 1048576K
Event: 5.528 GC heap after
Heap after GC invocations=9 (full 1):
 PSYoungGen      total 104960K, used 6776K [0x00000000f5580000, 0x00000000fe180000, 0x0000000100000000)
  eden space 97792K, 0% used [0x00000000f5580000,0x00000000f5580000,0x00000000fb500000)
  from space 7168K, 94% used [0x00000000fda80000,0x00000000fe11e0d0,0x00000000fe180000)
  to   space 8704K, 0% used [0x00000000fd080000,0x00000000fd080000,0x00000000fd900000)
 ParOldGen       total 35328K, used 8522K [0x00000000e0000000, 0x00000000e2280000, 0x00000000f5580000)
  object space 35328K, 24% used [0x00000000e0000000,0x00000000e0852af0,0x00000000e2280000)
 Metaspace       used 26522K, capacity 26966K, committed 27136K, reserved 1073152K
  class space    used 3637K, capacity 3797K, committed 3840K, reserved 1048576K
}
Event: 8.031 GC heap before
{Heap before GC invocations=10 (full 1):
 PSYoungGen      total 104960K, used 102141K [0x00000000f5580000, 0x00000000fe180000, 0x0000000100000000)
  eden space 97792K, 97% used [0x00000000f5580000,0x00000000fb2a1500,0x00000000fb500000)
  from space 7168K, 94% used [0x00000000fda80000,0x00000000fe11e0d0,0x00000000fe180000)
  to   space 8704K, 0% used [0x00000000fd080000,0x00000000fd080000,0x00000000fd900000)
 ParOldGen       total 35328K, used 8522K [0x00000000e0000000, 0x00000000e2280000, 0x00000000f5580000)
  object space 35328K, 24% used [0x00000000e0000000,0x00000000e0852af0,0x00000000e2280000)
 Metaspace       used 34705K, capacity 35308K, committed 35416K, reserved 1079296K
  class space    used 4810K, capacity 5026K, committed 5120K, reserved 1048576K
Event: 8.049 GC heap after
Heap after GC invocations=10 (full 1):
 PSYoungGen      total 134656K, used 8685K [0x00000000f5580000, 0x00000000fe700000, 0x0000000100000000)
  eden space 125952K, 0% used [0x00000000f5580000,0x00000000f5580000,0x00000000fd080000)
  from space 8704K, 99% used [0x00000000fd080000,0x00000000fd8fb500,0x00000000fd900000)
  to   space 11264K, 0% used [0x00000000fdc00000,0x00000000fdc00000,0x00000000fe700000)
 ParOldGen       total 35328K, used 12555K [0x00000000e0000000, 0x00000000e2280000, 0x00000000f5580000)
  object space 35328K, 35% used [0x00000000e0000000,0x00000000e0c42e50,0x00000000e2280000)
 Metaspace       used 34705K, capacity 35308K, committed 35416K, reserved 1079296K
  class space    used 4810K, capacity 5026K, committed 5120K, reserved 1048576K
}
Event: 8.049 GC heap before
{Heap before GC invocations=11 (full 2):
 PSYoungGen      total 134656K, used 8685K [0x00000000f5580000, 0x00000000fe700000, 0x0000000100000000)
  eden space 125952K, 0% used [0x00000000f5580000,0x00000000f5580000,0x00000000fd080000)
  from space 8704K, 99% used [0x00000000fd080000,0x00000000fd8fb500,0x00000000fd900000)
  to   space 11264K, 0% used [0x00000000fdc00000,0x00000000fdc00000,0x00000000fe700000)
 ParOldGen       total 35328K, used 12555K [0x00000000e0000000, 0x00000000e2280000, 0x00000000f5580000)
  object space 35328K, 35% used [0x00000000e0000000,0x00000000e0c42e50,0x00000000e2280000)
 Metaspace       used 34705K, capacity 35308K, committed 35416K, reserved 1079296K
  class space    used 4810K, capacity 5026K, committed 5120K, reserved 1048576K
Event: 8.130 GC heap after
Heap after GC invocations=11 (full 2):
 PSYoungGen      total 134656K, used 0K [0x00000000f5580000, 0x00000000fe700000, 0x0000000100000000)
  eden space 125952K, 0% used [0x00000000f5580000,0x00000000f5580000,0x00000000fd080000)
  from space 8704K, 0% used [0x00000000fd080000,0x00000000fd080000,0x00000000fd900000)
  to   space 11264K, 0% used [0x00000000fdc00000,0x00000000fdc00000,0x00000000fe700000)
 ParOldGen       total 60416K, used 19123K [0x00000000e0000000, 0x00000000e3b00000, 0x00000000f5580000)
  object space 60416K, 31% used [0x00000000e0000000,0x00000000e12acdf8,0x00000000e3b00000)
 Metaspace       used 34705K, capacity 35308K, committed 35416K, reserved 1079296K
  class space    used 4810K, capacity 5026K, committed 5120K, reserved 1048576K
}
Event: 10.923 GC heap before
{Heap before GC invocations=12 (full 2):
 PSYoungGen      total 134656K, used 125952K [0x00000000f5580000, 0x00000000fe700000, 0x0000000100000000)
  eden space 125952K, 100% used [0x00000000f5580000,0x00000000fd080000,0x00000000fd080000)
  from space 8704K, 0% used [0x00000000fd080000,0x00000000fd080000,0x00000000fd900000)
  to   space 11264K, 0% used [0x00000000fdc00000,0x00000000fdc00000,0x00000000fe700000)
 ParOldGen       total 60416K, used 19123K [0x00000000e0000000, 0x00000000e3b00000, 0x00000000f5580000)
  object space 60416K, 31% used [0x00000000e0000000,0x00000000e12acdf8,0x00000000e3b00000)
 Metaspace       used 42718K, capacity 43518K, committed 43776K, reserved 1087488K
  class space    used 5791K, capacity 6062K, committed 6144K, reserved 1048576K
Event: 10.943 GC heap after
Heap after GC invocations=12 (full 2):
 PSYoungGen      total 134656K, used 11260K [0x00000000f5580000, 0x0000000100000000, 0x0000000100000000)
  eden space 123392K, 0% used [0x00000000f5580000,0x00000000f5580000,0x00000000fce00000)
  from space 11264K, 99% used [0x00000000fdc00000,0x00000000fe6ff260,0x00000000fe700000)
  to   space 14336K, 0% used [0x00000000fce00000,0x00000000fce00000,0x00000000fdc00000)
 ParOldGen       total 60416K, used 22820K [0x00000000e0000000, 0x00000000e3b00000, 0x00000000f5580000)
  object space 60416K, 37% used [0x00000000e0000000,0x00000000e1649110,0x00000000e3b00000)
 Metaspace       used 42718K, capacity 43518K, committed 43776K, reserved 1087488K
  class space    used 5791K, capacity 6062K, committed 6144K, reserved 1048576K
}

